c:\users\kisim\desktop\c++\프로젝트\vcpp-project\ms\ms\release\vc143.pdb
c:\users\kisim\desktop\c++\프로젝트\vcpp-project\ms\ms\release\ms_logic.obj
c:\users\kisim\desktop\c++\프로젝트\vcpp-project\ms\ms\release\ms_level.obj
c:\users\kisim\desktop\c++\프로젝트\vcpp-project\ms\ms\release\ms_interface.obj
c:\users\kisim\desktop\c++\프로젝트\vcpp-project\ms\ms\release\ms.obj
c:\users\kisim\desktop\c++\프로젝트\vcpp-project\ms\release\ms.exe
c:\users\kisim\desktop\c++\프로젝트\vcpp-project\ms\release\ms.pdb
c:\users\kisim\desktop\c++\프로젝트\vcpp-project\ms\ms\release\ms.res
c:\users\kisim\desktop\c++\프로젝트\vcpp-project\ms\ms\release\ms.ipdb
c:\users\kisim\desktop\c++\프로젝트\vcpp-project\ms\ms\release\ms.iobj
c:\users\kisim\desktop\c++\프로젝트\vcpp-project\ms\ms\release\ms.tlog\cl.command.1.tlog
c:\users\kisim\desktop\c++\프로젝트\vcpp-project\ms\ms\release\ms.tlog\cl.items.tlog
c:\users\kisim\desktop\c++\프로젝트\vcpp-project\ms\ms\release\ms.tlog\cl.read.1.tlog
c:\users\kisim\desktop\c++\프로젝트\vcpp-project\ms\ms\release\ms.tlog\cl.write.1.tlog
c:\users\kisim\desktop\c++\프로젝트\vcpp-project\ms\ms\release\ms.tlog\link.command.1.tlog
c:\users\kisim\desktop\c++\프로젝트\vcpp-project\ms\ms\release\ms.tlog\link.read.1.tlog
c:\users\kisim\desktop\c++\프로젝트\vcpp-project\ms\ms\release\ms.tlog\link.secondary.1.tlog
c:\users\kisim\desktop\c++\프로젝트\vcpp-project\ms\ms\release\ms.tlog\link.write.1.tlog
c:\users\kisim\desktop\c++\프로젝트\vcpp-project\ms\ms\release\ms.tlog\rc.command.1.tlog
c:\users\kisim\desktop\c++\프로젝트\vcpp-project\ms\ms\release\ms.tlog\rc.read.1.tlog
c:\users\kisim\desktop\c++\프로젝트\vcpp-project\ms\ms\release\ms.tlog\rc.write.1.tlog
